# JRE version: OpenJDK Runtime Environment Corretto-11.0.14.10.1 (11.0.14.1+10) (build 11.0.14.1+10-LTS)
# Java VM: OpenJDK 64-Bit Server VM Corretto-11.0.14.10.1 (11.0.14.1+10-LTS, mixed mode, tiered, compressed oops, g1 gc, windows-amd64)
Heap:
 garbage-first heap   total 266240K, used 210979K [0x00000000e0000000, 0x0000000100000000)
  region size 1024K, 6 young (6144K), 1 survivors (1024K)
 Metaspace       used 148759K, capacity 152028K, committed 152240K, reserved 387072K
  class space    used 17968K, capacity 19204K, committed 19308K, reserved 253952K
GC Heap History (20 events):
Event: 2546.461 GC heap before
{Heap before GC invocations=110 (full 0):
 garbage-first heap   total 266240K, used 235876K [0x00000000e0000000, 0x0000000100000000)
  region size 1024K, 29 young (29696K), 2 survivors (2048K)
 Metaspace       used 145949K, capacity 148907K, committed 149680K, reserved 385024K
  class space    used 17513K, capacity 18590K, committed 18796K, reserved 253952K
}
Event: 2546.464 GC heap after
{Heap after GC invocations=111 (full 0):
 garbage-first heap   total 266240K, used 208591K [0x00000000e0000000, 0x0000000100000000)
  region size 1024K, 3 young (3072K), 3 survivors (3072K)
 Metaspace       used 145949K, capacity 148907K, committed 149680K, reserved 385024K
  class space    used 17513K, capacity 18590K, committed 18796K, reserved 253952K
}
Event: 2546.595 GC heap before
{Heap before GC invocations=111 (full 0):
 garbage-first heap   total 266240K, used 235215K [0x00000000e0000000, 0x0000000100000000)
  region size 1024K, 29 young (29696K), 3 survivors (3072K)
 Metaspace       used 145949K, capacity 148907K, committed 149680K, reserved 385024K
  class space    used 17513K, capacity 18590K, committed 18796K, reserved 253952K
}
Event: 2546.598 GC heap after
{Heap after GC invocations=112 (full 0):
 garbage-first heap   total 266240K, used 209015K [0x00000000e0000000, 0x0000000100000000)
  region size 1024K, 3 young (3072K), 3 survivors (3072K)
 Metaspace       used 145949K, capacity 148907K, committed 149680K, reserved 385024K
  class space    used 17513K, capacity 18590K, committed 18796K, reserved 253952K
}
Event: 2546.728 GC heap before
{Heap before GC invocations=112 (full 0):
 garbage-first heap   total 266240K, used 235639K [0x00000000e0000000, 0x0000000100000000)
  region size 1024K, 29 young (29696K), 3 survivors (3072K)
 Metaspace       used 145949K, capacity 148907K, committed 149680K, reserved 385024K
  class space    used 17513K, capacity 18590K, committed 18796K, reserved 253952K
}
Event: 2546.731 GC heap after
{Heap after GC invocations=113 (full 0):
 garbage-first heap   total 266240K, used 209534K [0x00000000e0000000, 0x0000000100000000)
  region size 1024K, 3 young (3072K), 3 survivors (3072K)
 Metaspace       used 145949K, capacity 148907K, committed 149680K, reserved 385024K
  class space    used 17513K, capacity 18590K, committed 18796K, reserved 253952K
}
Event: 2546.850 GC heap before
{Heap before GC invocations=113 (full 0):
 garbage-first heap   total 266240K, used 234110K [0x00000000e0000000, 0x0000000100000000)
  region size 1024K, 28 young (28672K), 3 survivors (3072K)
 Metaspace       used 145949K, capacity 148907K, committed 149680K, reserved 385024K
  class space    used 17513K, capacity 18590K, committed 18796K, reserved 253952K
}
Event: 2546.855 GC heap after
{Heap after GC invocations=114 (full 0):
 garbage-first heap   total 266240K, used 209682K [0x00000000e0000000, 0x0000000100000000)
  region size 1024K, 3 young (3072K), 3 survivors (3072K)
 Metaspace       used 145949K, capacity 148907K, committed 149680K, reserved 385024K
  class space    used 17513K, capacity 18590K, committed 18796K, reserved 253952K
}
Event: 2547.036 GC heap before
{Heap before GC invocations=114 (full 0):
 garbage-first heap   total 266240K, used 234258K [0x00000000e0000000, 0x0000000100000000)
  region size 1024K, 28 young (28672K), 3 survivors (3072K)
 Metaspace       used 145949K, capacity 148907K, committed 149680K, reserved 385024K
  class space    used 17513K, capacity 18590K, committed 18796K, reserved 253952K
}
Event: 2547.041 GC heap after
{Heap after GC invocations=115 (full 0):
 garbage-first heap   total 266240K, used 210064K [0x00000000e0000000, 0x0000000100000000)
  region size 1024K, 3 young (3072K), 3 survivors (3072K)
 Metaspace       used 145949K, capacity 148907K, committed 149680K, reserved 385024K
  class space    used 17513K, capacity 18590K, committed 18796K, reserved 253952K
}
Event: 2547.154 GC heap before
{Heap before GC invocations=116 (full 0):
 garbage-first heap   total 266240K, used 234640K [0x00000000e0000000, 0x0000000100000000)
  region size 1024K, 28 young (28672K), 3 survivors (3072K)
 Metaspace       used 145949K, capacity 148907K, committed 149680K, reserved 385024K
  class space    used 17513K, capacity 18590K, committed 18796K, reserved 253952K
}
Event: 2547.158 GC heap after
{Heap after GC invocations=117 (full 0):
 garbage-first heap   total 266240K, used 210536K [0x00000000e0000000, 0x0000000100000000)
  region size 1024K, 3 young (3072K), 3 survivors (3072K)
 Metaspace       used 145949K, capacity 148907K, committed 149680K, reserved 385024K
  class space    used 17513K, capacity 18590K, committed 18796K, reserved 253952K
}
Event: 2547.285 GC heap before
{Heap before GC invocations=117 (full 0):
 garbage-first heap   total 266240K, used 235112K [0x00000000e0000000, 0x0000000100000000)
  region size 1024K, 27 young (27648K), 3 survivors (3072K)
 Metaspace       used 145949K, capacity 148907K, committed 149680K, reserved 385024K
  class space    used 17513K, capacity 18590K, committed 18796K, reserved 253952K
}
Event: 2547.288 GC heap after
{Heap after GC invocations=118 (full 0):
 garbage-first heap   total 266240K, used 208032K [0x00000000e0000000, 0x0000000100000000)
  region size 1024K, 3 young (3072K), 3 survivors (3072K)
 Metaspace       used 145949K, capacity 148907K, committed 149680K, reserved 385024K
  class space    used 17513K, capacity 18590K, committed 18796K, reserved 253952K
}
Event: 2547.429 GC heap before
{Heap before GC invocations=118 (full 0):
 garbage-first heap   total 266240K, used 235680K [0x00000000e0000000, 0x0000000100000000)
  region size 1024K, 30 young (30720K), 3 survivors (3072K)
 Metaspace       used 145949K, capacity 148907K, committed 149680K, reserved 385024K
  class space    used 17513K, capacity 18590K, committed 18796K, reserved 253952K
}
Event: 2547.433 GC heap after
{Heap after GC invocations=119 (full 0):
 garbage-first heap   total 266240K, used 207860K [0x00000000e0000000, 0x0000000100000000)
  region size 1024K, 2 young (2048K), 2 survivors (2048K)
 Metaspace       used 145949K, capacity 148907K, committed 149680K, reserved 385024K
  class space    used 17513K, capacity 18590K, committed 18796K, reserved 253952K
}
Event: 2547.649 GC heap before
{Heap before GC invocations=119 (full 0):
 garbage-first heap   total 266240K, used 235508K [0x00000000e0000000, 0x0000000100000000)
  region size 1024K, 29 young (29696K), 2 survivors (2048K)
 Metaspace       used 145952K, capacity 148908K, committed 149680K, reserved 385024K
  class space    used 17513K, capacity 18590K, committed 18796K, reserved 253952K
}
Event: 2547.653 GC heap after
{Heap after GC invocations=120 (full 0):
 garbage-first heap   total 266240K, used 206203K [0x00000000e0000000, 0x0000000100000000)
  region size 1024K, 1 young (1024K), 1 survivors (1024K)
 Metaspace       used 145952K, capacity 148908K, committed 149680K, reserved 385024K
  class space    used 17513K, capacity 18590K, committed 18796K, reserved 253952K
}
Event: 2553.708 GC heap before
{Heap before GC invocations=121 (full 0):
 garbage-first heap   total 266240K, used 234875K [0x00000000e0000000, 0x0000000100000000)
  region size 1024K, 29 young (29696K), 1 survivors (1024K)
 Metaspace       used 148557K, capacity 151825K, committed 151984K, reserved 387072K
  class space    used 17939K, capacity 19180K, committed 19308K, reserved 253952K
}
Event: 2553.716 GC heap after
{Heap after GC invocations=122 (full 0):
 garbage-first heap   total 266240K, used 206883K [0x00000000e0000000, 0x0000000100000000)
  region size 1024K, 1 young (1024K), 1 survivors (1024K)
 Metaspace       used 148557K, capacity 151825K, committed 151984K, reserved 387072K
  class space    used 17939K, capacity 19180K, committed 19308K, reserved 253952K
}

